TARGET-20-PAURDN-03A-01D
TARGET-20-PAVDAJ-09A-02D
TARGET-20-PAUSCS-09A-01D
PAVJPL-09A-01D
TARGET-20-PAVFKS-09A-02D
TARGET-20-PAUUWT-03A-01D
TARGET-20-PAURII-09A-01D
PAUPXH-03A-01D
PAXEPC-09A-01D
TARGET-20-PAWDTX-09A-01D
TARGET-20-PAWIWJ-09A-01D
PAVDGM-09A-01D
TARGET-20-PAVBUX-09A-01D
TARGET-20-PAVBIH-09A-02D
TARGET-20-PAUMGZ-03A-01D
TARGET-20-PAVWJV-09A-01D
TARGET-20-PAUNHG-09A-01D
TARGET-20-PAVERG-09A-02D
TARGET-20-PAUZRY-09A-02D
TARGET-20-PAWAMM-03A-02D
TARGET-20-PAUNSV-03A-01D
PAVGDM-09A-01D
PAXKEZ-09A-01D
TARGET-20-PAXISI-09A-02D
TARGET-20-PAUNVN-09A-01D
PAVHFP-09A-01D
PAVKKI-03A-01D
TARGET-20-PAUTYK-03A-01D
TARGET-20-PAWHML-09A-01D
PAVLDU-09A-01D
TARGET-20-PAUVMN-03A-01D
TARGET-20-PAXAXY-09A-01D
TARGET-20-PAUVCL-03A-01D
TARGET-20-PAUYHB-09A-01D
TARGET-20-PAVGUM-09A-01D
TARGET-20-PAUYCA-09A-01D
PAVESI-03A-01D
TARGET-20-PAWCJK-03A-01D
PAWZVT-03A-01D
PAVKAH-09A-01D
TARGET-20-PAUXLK-09A-01D
TARGET-20-PAUUYJ-09A-01D
TARGET-20-PAUPIY-03A-01D
PAWKGX-03A-01D
TARGET-20-PAUZPD-03A-02D
TARGET-20-PAWHFW-03A-01D
PAWZZN-09A-01D
TARGET-20-PAUTVU-03A-01D
TARGET-20-PAUXRA-03A-01D
PAUYRR-09A-01D
TARGET-20-PAUMIH-03A-01D
PAVBWL-09A-01D
TARGET-20-PAVTRM-03A-01D
PAVRUZ-09A-01D
PAVLWV-09A-01D
TARGET-20-PAWLYM-09A-01D
TARGET-20-PAVEYP-09A-01D
PAUYDT-09A-01D
PAVHTL-03A-01D
	Command being timed: "./consensus_counts.py -f /projects/bgmp/shared/groups/2024/aml/shared/llcombo8_output_files -o llcombo8_consensus_counts.tsv"
	User time (seconds): 8.43
	System time (seconds): 1.12
	Percent of CPU this job got: 72%
	Elapsed (wall clock) time (h:mm:ss or m:ss): 0:13.23
	Average shared text size (kbytes): 0
	Average unshared data size (kbytes): 0
	Average stack size (kbytes): 0
	Average total size (kbytes): 0
	Maximum resident set size (kbytes): 16496
	Average resident set size (kbytes): 0
	Major (requiring I/O) page faults: 0
	Minor (reclaiming a frame) page faults: 3569
	Voluntary context switches: 677
	Involuntary context switches: 33
	Swaps: 0
	File system inputs: 0
	File system outputs: 0
	Socket messages sent: 0
	Socket messages received: 0
	Signals delivered: 0
	Page size (bytes): 4096
	Exit status: 0
